[INFO ] 2019-04-09 13:47:35 [main] c.j.secondhandhousetrade.Application - Starting Application on DESKTOP-7MLKDE8 with PID 14392 (D:\workspace\secondhand-house-trade\target\classes started by goddness in D:\workspace\secondhand-house-trade)
[INFO ] 2019-04-09 13:47:35 [main] c.j.secondhandhousetrade.Application - The following profiles are active: dev
[INFO ] 2019-04-09 13:47:35 [main] o.s.b.w.e.tomcat.TomcatWebServer - Tomcat initialized with port(s): 10001 (http)
[INFO ] 2019-04-09 13:47:35 [main] o.a.coyote.http11.Http11NioProtocol - Initializing ProtocolHandler ["http-nio-10001"]
[INFO ] 2019-04-09 13:47:35 [main] o.a.catalina.core.StandardService - Starting service [Tomcat]
[INFO ] 2019-04-09 13:47:35 [main] o.a.catalina.core.StandardEngine - Starting Servlet engine: [Apache Tomcat/9.0.16]
[INFO ] 2019-04-09 13:47:35 [main] o.a.c.core.AprLifecycleListener - The APR based Apache Tomcat Native library which allows optimal performance in production environments was not found on the java.library.path: [D:\Program Files\Java\jdk1.8.0_101\bin;C:\WINDOWS\Sun\Java\bin;C:\WINDOWS\system32;C:\WINDOWS;C:\ProgramData\Oracle\Java\javapath;C:\WINDOWS\system32;C:\WINDOWS;C:\WINDOWS\System32\Wbem;C:\WINDOWS\System32\WindowsPowerShell\v1.0\;D:\Program Files\Java\jdk1.8.0_101\bin;D:\MySQL\MySQL Server 5.5\bin;C:\WINDOWS\System32\OpenSSH\;D:\Git\cmd;C:\Users\女神\AppData\Local\Microsoft\WindowsApps;D:\apache-maven-3.5.2\bin\;;.]
[INFO ] 2019-04-09 13:47:35 [main] o.a.c.c.C.[Tomcat].[localhost].[/] - Initializing Spring embedded WebApplicationContext
[INFO ] 2019-04-09 13:47:35 [main] o.s.web.context.ContextLoader - Root WebApplicationContext: initialization completed in 5872 ms
[INFO ] 2019-04-09 13:47:35 [main] o.s.b.web.servlet.RegistrationBean - Servlet statViewServlet was not registered (possibly already registered?)
[INFO ] 2019-04-09 13:47:35 [main] o.s.b.web.servlet.RegistrationBean - Filter webStatFilter was not registered (possibly already registered?)
[INFO ] 2019-04-09 13:47:35 [main] o.a.coyote.http11.Http11NioProtocol - Starting ProtocolHandler ["http-nio-10001"]
[INFO ] 2019-04-09 13:47:35 [main] o.s.b.w.e.tomcat.TomcatWebServer - Tomcat started on port(s): 10001 (http) with context path ''
[INFO ] 2019-04-09 13:47:35 [main] c.j.secondhandhousetrade.Application - Started Application in 11.184 seconds (JVM running for 13.6)
[INFO ] 2019-04-09 13:51:14 [main] c.j.secondhandhousetrade.Application - Starting Application on DESKTOP-7MLKDE8 with PID 6384 (D:\workspace\secondhand-house-trade\target\classes started by goddness in D:\workspace\secondhand-house-trade)
[INFO ] 2019-04-09 13:51:14 [main] c.j.secondhandhousetrade.Application - The following profiles are active: dev
[INFO ] 2019-04-09 13:51:14 [main] o.s.b.w.e.tomcat.TomcatWebServer - Tomcat initialized with port(s): 10001 (http)
[INFO ] 2019-04-09 13:51:14 [main] o.a.coyote.http11.Http11NioProtocol - Initializing ProtocolHandler ["http-nio-10001"]
[INFO ] 2019-04-09 13:51:14 [main] o.a.catalina.core.StandardService - Starting service [Tomcat]
[INFO ] 2019-04-09 13:51:14 [main] o.a.catalina.core.StandardEngine - Starting Servlet engine: [Apache Tomcat/9.0.16]
[INFO ] 2019-04-09 13:51:14 [main] o.a.c.core.AprLifecycleListener - The APR based Apache Tomcat Native library which allows optimal performance in production environments was not found on the java.library.path: [D:\Program Files\Java\jdk1.8.0_101\bin;C:\WINDOWS\Sun\Java\bin;C:\WINDOWS\system32;C:\WINDOWS;C:\ProgramData\Oracle\Java\javapath;C:\WINDOWS\system32;C:\WINDOWS;C:\WINDOWS\System32\Wbem;C:\WINDOWS\System32\WindowsPowerShell\v1.0\;D:\Program Files\Java\jdk1.8.0_101\bin;D:\MySQL\MySQL Server 5.5\bin;C:\WINDOWS\System32\OpenSSH\;D:\Git\cmd;C:\Users\女神\AppData\Local\Microsoft\WindowsApps;D:\apache-maven-3.5.2\bin\;;.]
[INFO ] 2019-04-09 13:51:14 [main] o.a.c.c.C.[Tomcat].[localhost].[/] - Initializing Spring embedded WebApplicationContext
[INFO ] 2019-04-09 13:51:14 [main] o.s.web.context.ContextLoader - Root WebApplicationContext: initialization completed in 6594 ms
[INFO ] 2019-04-09 13:51:14 [main] o.s.b.web.servlet.RegistrationBean - Servlet statViewServlet was not registered (possibly already registered?)
[INFO ] 2019-04-09 13:51:14 [main] o.s.b.web.servlet.RegistrationBean - Filter webStatFilter was not registered (possibly already registered?)
[INFO ] 2019-04-09 13:51:14 [main] o.a.coyote.http11.Http11NioProtocol - Starting ProtocolHandler ["http-nio-10001"]
[INFO ] 2019-04-09 13:51:14 [main] o.s.b.w.e.tomcat.TomcatWebServer - Tomcat started on port(s): 10001 (http) with context path ''
[INFO ] 2019-04-09 13:51:14 [main] c.j.secondhandhousetrade.Application - Started Application in 12.274 seconds (JVM running for 14.077)
[INFO ] 2019-04-09 22:29:36 [main] c.j.secondhandhousetrade.Application - Starting Application on DESKTOP-7MLKDE8 with PID 7672 (D:\workspace\secondhand-house-trade\target\classes started by goddness in D:\workspace\secondhand-house-trade)
[INFO ] 2019-04-09 22:29:36 [main] c.j.secondhandhousetrade.Application - The following profiles are active: dev
[INFO ] 2019-04-09 22:29:36 [main] o.s.b.w.e.tomcat.TomcatWebServer - Tomcat initialized with port(s): 10001 (http)
[INFO ] 2019-04-09 22:29:36 [main] o.a.coyote.http11.Http11NioProtocol - Initializing ProtocolHandler ["http-nio-10001"]
[INFO ] 2019-04-09 22:29:36 [main] o.a.catalina.core.StandardService - Starting service [Tomcat]
[INFO ] 2019-04-09 22:29:36 [main] o.a.catalina.core.StandardEngine - Starting Servlet engine: [Apache Tomcat/9.0.16]
[INFO ] 2019-04-09 22:29:36 [main] o.a.c.core.AprLifecycleListener - The APR based Apache Tomcat Native library which allows optimal performance in production environments was not found on the java.library.path: [D:\Program Files\Java\jdk1.8.0_101\bin;C:\WINDOWS\Sun\Java\bin;C:\WINDOWS\system32;C:\WINDOWS;C:\ProgramData\Oracle\Java\javapath;C:\WINDOWS\system32;C:\WINDOWS;C:\WINDOWS\System32\Wbem;C:\WINDOWS\System32\WindowsPowerShell\v1.0\;D:\Program Files\Java\jdk1.8.0_101\bin;D:\MySQL\MySQL Server 5.5\bin;C:\WINDOWS\System32\OpenSSH\;D:\Git\cmd;C:\Users\女神\AppData\Local\Microsoft\WindowsApps;D:\apache-maven-3.5.2\bin\;;.]
[INFO ] 2019-04-09 22:29:36 [main] o.a.c.c.C.[Tomcat].[localhost].[/] - Initializing Spring embedded WebApplicationContext
[INFO ] 2019-04-09 22:29:36 [main] o.s.web.context.ContextLoader - Root WebApplicationContext: initialization completed in 8878 ms
[INFO ] 2019-04-09 22:29:36 [main] o.s.b.web.servlet.RegistrationBean - Servlet statViewServlet was not registered (possibly already registered?)
[INFO ] 2019-04-09 22:29:36 [main] o.s.b.web.servlet.RegistrationBean - Filter webStatFilter was not registered (possibly already registered?)
[INFO ] 2019-04-09 22:29:36 [main] o.a.coyote.http11.Http11NioProtocol - Starting ProtocolHandler ["http-nio-10001"]
[INFO ] 2019-04-09 22:29:36 [main] o.s.b.w.e.tomcat.TomcatWebServer - Tomcat started on port(s): 10001 (http) with context path ''
[INFO ] 2019-04-09 22:29:36 [main] c.j.secondhandhousetrade.Application - Started Application in 20.772 seconds (JVM running for 26.614)
[INFO ] 2019-04-09 22:29:36 [http-nio-10001-exec-1] o.a.c.c.C.[Tomcat].[localhost].[/] - Initializing Spring DispatcherServlet 'dispatcherServlet'
[INFO ] 2019-04-09 22:29:36 [http-nio-10001-exec-1] o.s.web.servlet.DispatcherServlet - Initializing Servlet 'dispatcherServlet'
[INFO ] 2019-04-09 22:29:36 [http-nio-10001-exec-1] o.s.web.servlet.DispatcherServlet - Completed initialization in 40 ms
[INFO ] 2019-04-09 22:29:36 [http-nio-10001-exec-3] c.alibaba.druid.pool.DruidDataSource - {dataSource-1} inited
