[INFO ] 2019-03-18 12:03:08 [main] c.j.secondhandhousetrade.Application - Starting Application on DESKTOP-7MLKDE8 with PID 11592 (D:\workspace\secondhand-house-trade\target\classes started by goddness in D:\workspace\secondhand-house-trade)
[INFO ] 2019-03-18 12:03:08 [main] c.j.secondhandhousetrade.Application - The following profiles are active: dev
[INFO ] 2019-03-18 12:03:08 [main] o.s.b.w.e.tomcat.TomcatWebServer - Tomcat initialized with port(s): 10001 (http)
[INFO ] 2019-03-18 12:03:08 [main] o.a.coyote.http11.Http11NioProtocol - Initializing ProtocolHandler ["http-nio-10001"]
[INFO ] 2019-03-18 12:03:08 [main] o.a.catalina.core.StandardService - Starting service [Tomcat]
[INFO ] 2019-03-18 12:03:08 [main] o.a.catalina.core.StandardEngine - Starting Servlet engine: [Apache Tomcat/9.0.16]
[INFO ] 2019-03-18 12:03:08 [main] o.a.c.core.AprLifecycleListener - The APR based Apache Tomcat Native library which allows optimal performance in production environments was not found on the java.library.path: [D:\Program Files\Java\jdk1.8.0_101\bin;C:\WINDOWS\Sun\Java\bin;C:\WINDOWS\system32;C:\WINDOWS;C:\ProgramData\Oracle\Java\javapath;C:\WINDOWS\system32;C:\WINDOWS;C:\WINDOWS\System32\Wbem;C:\WINDOWS\System32\WindowsPowerShell\v1.0\;D:\Program Files\Java\jdk1.8.0_101\bin;D:\MySQL\MySQL Server 5.5\bin;C:\WINDOWS\System32\OpenSSH\;D:\Git\cmd;C:\Users\女神\AppData\Local\Microsoft\WindowsApps;D:\apache-maven-3.5.2\bin\;;.]
[INFO ] 2019-03-18 12:03:08 [main] o.a.c.c.C.[Tomcat].[localhost].[/] - Initializing Spring embedded WebApplicationContext
[INFO ] 2019-03-18 12:03:08 [main] o.s.web.context.ContextLoader - Root WebApplicationContext: initialization completed in 3152 ms
[INFO ] 2019-03-18 12:03:08 [main] o.a.coyote.http11.Http11NioProtocol - Starting ProtocolHandler ["http-nio-10001"]
[INFO ] 2019-03-18 12:03:08 [main] o.s.b.w.e.tomcat.TomcatWebServer - Tomcat started on port(s): 10001 (http) with context path ''
[INFO ] 2019-03-18 12:03:08 [main] c.j.secondhandhousetrade.Application - Started Application in 7.198 seconds (JVM running for 8.987)
[INFO ] 2019-03-18 12:03:08 [http-nio-10001-exec-1] o.a.tomcat.util.http.parser.Cookie - A cookie header was received [1530617881,1530666236,1530756915] that contained an invalid cookie. That cookie will be ignored.
 Note: further occurrences of this error will be logged at DEBUG level.
[INFO ] 2019-03-18 12:03:08 [http-nio-10001-exec-1] o.a.c.c.C.[Tomcat].[localhost].[/] - Initializing Spring DispatcherServlet 'dispatcherServlet'
[INFO ] 2019-03-18 12:03:08 [http-nio-10001-exec-1] o.s.web.servlet.DispatcherServlet - Initializing Servlet 'dispatcherServlet'
[INFO ] 2019-03-18 12:03:08 [http-nio-10001-exec-1] o.s.web.servlet.DispatcherServlet - Completed initialization in 11 ms
[INFO ] 2019-03-18 13:18:36 [main] c.j.secondhandhousetrade.Application - Starting Application on DESKTOP-7MLKDE8 with PID 5944 (D:\workspace\secondhand-house-trade\target\classes started by goddness in D:\workspace\secondhand-house-trade)
[INFO ] 2019-03-18 13:18:36 [main] c.j.secondhandhousetrade.Application - The following profiles are active: dev
[INFO ] 2019-03-18 13:18:36 [main] o.s.b.w.e.tomcat.TomcatWebServer - Tomcat initialized with port(s): 10001 (http)
[INFO ] 2019-03-18 13:18:36 [main] o.a.coyote.http11.Http11NioProtocol - Initializing ProtocolHandler ["http-nio-10001"]
[INFO ] 2019-03-18 13:18:36 [main] o.a.catalina.core.StandardService - Starting service [Tomcat]
[INFO ] 2019-03-18 13:18:36 [main] o.a.catalina.core.StandardEngine - Starting Servlet engine: [Apache Tomcat/9.0.16]
[INFO ] 2019-03-18 13:18:36 [main] o.a.c.core.AprLifecycleListener - The APR based Apache Tomcat Native library which allows optimal performance in production environments was not found on the java.library.path: [D:\Program Files\Java\jdk1.8.0_101\bin;C:\WINDOWS\Sun\Java\bin;C:\WINDOWS\system32;C:\WINDOWS;C:\ProgramData\Oracle\Java\javapath;C:\WINDOWS\system32;C:\WINDOWS;C:\WINDOWS\System32\Wbem;C:\WINDOWS\System32\WindowsPowerShell\v1.0\;D:\Program Files\Java\jdk1.8.0_101\bin;D:\MySQL\MySQL Server 5.5\bin;C:\WINDOWS\System32\OpenSSH\;D:\Git\cmd;C:\Users\女神\AppData\Local\Microsoft\WindowsApps;D:\apache-maven-3.5.2\bin\;;.]
[INFO ] 2019-03-18 13:18:36 [main] o.a.c.c.C.[Tomcat].[localhost].[/] - Initializing Spring embedded WebApplicationContext
[INFO ] 2019-03-18 13:18:36 [main] o.s.web.context.ContextLoader - Root WebApplicationContext: initialization completed in 2266 ms
[INFO ] 2019-03-18 13:18:36 [main] o.a.coyote.http11.Http11NioProtocol - Starting ProtocolHandler ["http-nio-10001"]
[INFO ] 2019-03-18 13:18:36 [main] o.s.b.w.e.tomcat.TomcatWebServer - Tomcat started on port(s): 10001 (http) with context path ''
[INFO ] 2019-03-18 13:18:36 [main] c.j.secondhandhousetrade.Application - Started Application in 5.473 seconds (JVM running for 7.801)
[INFO ] 2019-03-18 13:18:36 [http-nio-10001-exec-1] o.a.tomcat.util.http.parser.Cookie - A cookie header was received [1530617881,1530666236,1530756915] that contained an invalid cookie. That cookie will be ignored.
 Note: further occurrences of this error will be logged at DEBUG level.
[INFO ] 2019-03-18 13:18:36 [http-nio-10001-exec-1] o.a.c.c.C.[Tomcat].[localhost].[/] - Initializing Spring DispatcherServlet 'dispatcherServlet'
[INFO ] 2019-03-18 13:18:36 [http-nio-10001-exec-1] o.s.web.servlet.DispatcherServlet - Initializing Servlet 'dispatcherServlet'
[INFO ] 2019-03-18 13:18:36 [http-nio-10001-exec-1] o.s.web.servlet.DispatcherServlet - Completed initialization in 15 ms
[INFO ] 2019-03-18 15:47:57 [main] c.j.secondhandhousetrade.Application - Starting Application on DESKTOP-7MLKDE8 with PID 948 (D:\workspace\secondhand-house-trade\target\classes started by goddness in D:\workspace\secondhand-house-trade)
[INFO ] 2019-03-18 15:47:57 [main] c.j.secondhandhousetrade.Application - The following profiles are active: dev
[INFO ] 2019-03-18 15:47:57 [main] o.s.b.w.e.tomcat.TomcatWebServer - Tomcat initialized with port(s): 10001 (http)
[INFO ] 2019-03-18 15:47:57 [main] o.a.coyote.http11.Http11NioProtocol - Initializing ProtocolHandler ["http-nio-10001"]
[INFO ] 2019-03-18 15:47:57 [main] o.a.catalina.core.StandardService - Starting service [Tomcat]
[INFO ] 2019-03-18 15:47:57 [main] o.a.catalina.core.StandardEngine - Starting Servlet engine: [Apache Tomcat/9.0.16]
[INFO ] 2019-03-18 15:47:57 [main] o.a.c.core.AprLifecycleListener - The APR based Apache Tomcat Native library which allows optimal performance in production environments was not found on the java.library.path: [D:\Program Files\Java\jdk1.8.0_101\bin;C:\WINDOWS\Sun\Java\bin;C:\WINDOWS\system32;C:\WINDOWS;C:\ProgramData\Oracle\Java\javapath;C:\WINDOWS\system32;C:\WINDOWS;C:\WINDOWS\System32\Wbem;C:\WINDOWS\System32\WindowsPowerShell\v1.0\;D:\Program Files\Java\jdk1.8.0_101\bin;D:\MySQL\MySQL Server 5.5\bin;C:\WINDOWS\System32\OpenSSH\;D:\Git\cmd;C:\Users\女神\AppData\Local\Microsoft\WindowsApps;D:\apache-maven-3.5.2\bin\;;.]
[INFO ] 2019-03-18 15:47:57 [main] o.a.c.c.C.[Tomcat].[localhost].[/] - Initializing Spring embedded WebApplicationContext
[INFO ] 2019-03-18 15:47:57 [main] o.s.web.context.ContextLoader - Root WebApplicationContext: initialization completed in 3961 ms
[INFO ] 2019-03-18 15:47:57 [main] o.a.coyote.http11.Http11NioProtocol - Starting ProtocolHandler ["http-nio-10001"]
[INFO ] 2019-03-18 15:47:57 [main] o.s.b.w.e.tomcat.TomcatWebServer - Tomcat started on port(s): 10001 (http) with context path ''
[INFO ] 2019-03-18 15:47:57 [main] c.j.secondhandhousetrade.Application - Started Application in 7.039 seconds (JVM running for 10.097)
[INFO ] 2019-03-18 15:47:57 [http-nio-10001-exec-1] o.a.tomcat.util.http.parser.Cookie - A cookie header was received [1530617881,1530666236,1530756915] that contained an invalid cookie. That cookie will be ignored.
 Note: further occurrences of this error will be logged at DEBUG level.
[INFO ] 2019-03-18 15:47:57 [http-nio-10001-exec-1] o.a.c.c.C.[Tomcat].[localhost].[/] - Initializing Spring DispatcherServlet 'dispatcherServlet'
[INFO ] 2019-03-18 15:47:57 [http-nio-10001-exec-1] o.s.web.servlet.DispatcherServlet - Initializing Servlet 'dispatcherServlet'
[INFO ] 2019-03-18 15:47:57 [http-nio-10001-exec-1] o.s.web.servlet.DispatcherServlet - Completed initialization in 17 ms
