[INFO ] 2019-03-27 12:32:52 [main] c.j.secondhandhousetrade.Application - Starting Application on DESKTOP-7MLKDE8 with PID 8560 (D:\workspace\secondhand-house-trade\target\classes started by goddness in D:\workspace\secondhand-house-trade)
[INFO ] 2019-03-27 12:32:52 [main] c.j.secondhandhousetrade.Application - The following profiles are active: dev
[INFO ] 2019-03-27 12:32:52 [main] o.s.b.w.e.tomcat.TomcatWebServer - Tomcat initialized with port(s): 10001 (http)
[INFO ] 2019-03-27 12:32:52 [main] o.a.coyote.http11.Http11NioProtocol - Initializing ProtocolHandler ["http-nio-10001"]
[INFO ] 2019-03-27 12:32:52 [main] o.a.catalina.core.StandardService - Starting service [Tomcat]
[INFO ] 2019-03-27 12:32:52 [main] o.a.catalina.core.StandardEngine - Starting Servlet engine: [Apache Tomcat/9.0.16]
[INFO ] 2019-03-27 12:32:52 [main] o.a.c.core.AprLifecycleListener - The APR based Apache Tomcat Native library which allows optimal performance in production environments was not found on the java.library.path: [D:\Program Files\Java\jdk1.8.0_101\bin;C:\WINDOWS\Sun\Java\bin;C:\WINDOWS\system32;C:\WINDOWS;C:\ProgramData\Oracle\Java\javapath;C:\WINDOWS\system32;C:\WINDOWS;C:\WINDOWS\System32\Wbem;C:\WINDOWS\System32\WindowsPowerShell\v1.0\;D:\Program Files\Java\jdk1.8.0_101\bin;D:\MySQL\MySQL Server 5.5\bin;C:\WINDOWS\System32\OpenSSH\;D:\Git\cmd;C:\Users\女神\AppData\Local\Microsoft\WindowsApps;D:\apache-maven-3.5.2\bin\;;.]
[INFO ] 2019-03-27 12:32:52 [main] o.a.c.c.C.[Tomcat].[localhost].[/] - Initializing Spring embedded WebApplicationContext
[INFO ] 2019-03-27 12:32:52 [main] o.s.web.context.ContextLoader - Root WebApplicationContext: initialization completed in 3290 ms
[INFO ] 2019-03-27 12:32:52 [main] o.a.coyote.http11.Http11NioProtocol - Starting ProtocolHandler ["http-nio-10001"]
[INFO ] 2019-03-27 12:32:52 [main] o.s.b.w.e.tomcat.TomcatWebServer - Tomcat started on port(s): 10001 (http) with context path ''
[INFO ] 2019-03-27 12:32:52 [main] c.j.secondhandhousetrade.Application - Started Application in 7.829 seconds (JVM running for 10.193)
[INFO ] 2019-03-27 12:32:52 [http-nio-10001-exec-2] o.a.tomcat.util.http.parser.Cookie - A cookie header was received [1530617881,1530666236,1530756915] that contained an invalid cookie. That cookie will be ignored.
 Note: further occurrences of this error will be logged at DEBUG level.
[INFO ] 2019-03-27 12:32:52 [http-nio-10001-exec-2] o.a.c.c.C.[Tomcat].[localhost].[/] - Initializing Spring DispatcherServlet 'dispatcherServlet'
[INFO ] 2019-03-27 12:32:52 [http-nio-10001-exec-2] o.s.web.servlet.DispatcherServlet - Initializing Servlet 'dispatcherServlet'
[INFO ] 2019-03-27 12:32:52 [http-nio-10001-exec-2] o.s.web.servlet.DispatcherServlet - Completed initialization in 39 ms
[INFO ] 2019-03-27 15:41:33 [main] c.j.secondhandhousetrade.Application - Starting Application on DESKTOP-7MLKDE8 with PID 12048 (D:\workspace\secondhand-house-trade\target\classes started by goddness in D:\workspace\secondhand-house-trade)
[INFO ] 2019-03-27 15:41:33 [main] c.j.secondhandhousetrade.Application - The following profiles are active: dev
[INFO ] 2019-03-27 15:41:33 [main] o.s.b.w.e.tomcat.TomcatWebServer - Tomcat initialized with port(s): 10001 (http)
[INFO ] 2019-03-27 15:41:33 [main] o.a.coyote.http11.Http11NioProtocol - Initializing ProtocolHandler ["http-nio-10001"]
[INFO ] 2019-03-27 15:41:33 [main] o.a.catalina.core.StandardService - Starting service [Tomcat]
[INFO ] 2019-03-27 15:41:33 [main] o.a.catalina.core.StandardEngine - Starting Servlet engine: [Apache Tomcat/9.0.16]
[INFO ] 2019-03-27 15:41:33 [main] o.a.c.core.AprLifecycleListener - The APR based Apache Tomcat Native library which allows optimal performance in production environments was not found on the java.library.path: [D:\Program Files\Java\jdk1.8.0_101\bin;C:\WINDOWS\Sun\Java\bin;C:\WINDOWS\system32;C:\WINDOWS;C:\ProgramData\Oracle\Java\javapath;C:\WINDOWS\system32;C:\WINDOWS;C:\WINDOWS\System32\Wbem;C:\WINDOWS\System32\WindowsPowerShell\v1.0\;D:\Program Files\Java\jdk1.8.0_101\bin;D:\MySQL\MySQL Server 5.5\bin;C:\WINDOWS\System32\OpenSSH\;D:\Git\cmd;C:\Users\女神\AppData\Local\Microsoft\WindowsApps;D:\apache-maven-3.5.2\bin\;;.]
[INFO ] 2019-03-27 15:41:33 [main] o.a.c.c.C.[Tomcat].[localhost].[/] - Initializing Spring embedded WebApplicationContext
[INFO ] 2019-03-27 15:41:33 [main] o.s.web.context.ContextLoader - Root WebApplicationContext: initialization completed in 4797 ms
[INFO ] 2019-03-27 15:41:33 [main] o.a.coyote.http11.Http11NioProtocol - Starting ProtocolHandler ["http-nio-10001"]
[INFO ] 2019-03-27 15:41:33 [main] o.s.b.w.e.tomcat.TomcatWebServer - Tomcat started on port(s): 10001 (http) with context path ''
[INFO ] 2019-03-27 15:41:33 [main] c.j.secondhandhousetrade.Application - Started Application in 9.402 seconds (JVM running for 12.366)
[INFO ] 2019-03-27 15:41:33 [http-nio-10001-exec-2] o.a.c.c.C.[Tomcat].[localhost].[/] - Initializing Spring DispatcherServlet 'dispatcherServlet'
[INFO ] 2019-03-27 15:41:33 [http-nio-10001-exec-2] o.s.web.servlet.DispatcherServlet - Initializing Servlet 'dispatcherServlet'
[INFO ] 2019-03-27 15:41:33 [http-nio-10001-exec-2] o.s.web.servlet.DispatcherServlet - Completed initialization in 10 ms
[INFO ] 2019-03-27 17:36:02 [main] c.j.secondhandhousetrade.Application - Starting Application on DESKTOP-7MLKDE8 with PID 5488 (D:\workspace\secondhand-house-trade\target\classes started by goddness in D:\workspace\secondhand-house-trade)
[INFO ] 2019-03-27 17:36:02 [main] c.j.secondhandhousetrade.Application - The following profiles are active: dev
[INFO ] 2019-03-27 17:36:02 [main] o.s.b.w.e.tomcat.TomcatWebServer - Tomcat initialized with port(s): 10001 (http)
[INFO ] 2019-03-27 17:36:02 [main] o.a.coyote.http11.Http11NioProtocol - Initializing ProtocolHandler ["http-nio-10001"]
[INFO ] 2019-03-27 17:36:02 [main] o.a.catalina.core.StandardService - Starting service [Tomcat]
[INFO ] 2019-03-27 17:36:02 [main] o.a.catalina.core.StandardEngine - Starting Servlet engine: [Apache Tomcat/9.0.16]
[INFO ] 2019-03-27 17:36:02 [main] o.a.c.core.AprLifecycleListener - The APR based Apache Tomcat Native library which allows optimal performance in production environments was not found on the java.library.path: [D:\Program Files\Java\jdk1.8.0_101\bin;C:\WINDOWS\Sun\Java\bin;C:\WINDOWS\system32;C:\WINDOWS;C:\ProgramData\Oracle\Java\javapath;C:\WINDOWS\system32;C:\WINDOWS;C:\WINDOWS\System32\Wbem;C:\WINDOWS\System32\WindowsPowerShell\v1.0\;D:\Program Files\Java\jdk1.8.0_101\bin;D:\MySQL\MySQL Server 5.5\bin;C:\WINDOWS\System32\OpenSSH\;D:\Git\cmd;C:\Users\女神\AppData\Local\Microsoft\WindowsApps;D:\apache-maven-3.5.2\bin\;;.]
[INFO ] 2019-03-27 17:36:02 [main] o.a.c.c.C.[Tomcat].[localhost].[/] - Initializing Spring embedded WebApplicationContext
[INFO ] 2019-03-27 17:36:02 [main] o.s.web.context.ContextLoader - Root WebApplicationContext: initialization completed in 7316 ms
[INFO ] 2019-03-27 17:36:02 [main] o.a.coyote.http11.Http11NioProtocol - Starting ProtocolHandler ["http-nio-10001"]
[INFO ] 2019-03-27 17:36:02 [main] o.s.b.w.e.tomcat.TomcatWebServer - Tomcat started on port(s): 10001 (http) with context path ''
[INFO ] 2019-03-27 17:36:02 [main] c.j.secondhandhousetrade.Application - Started Application in 13.497 seconds (JVM running for 16.963)
[INFO ] 2019-03-27 17:41:45 [main] c.j.secondhandhousetrade.Application - Starting Application on DESKTOP-7MLKDE8 with PID 6252 (D:\workspace\secondhand-house-trade\target\classes started by goddness in D:\workspace\secondhand-house-trade)
[INFO ] 2019-03-27 17:41:45 [main] c.j.secondhandhousetrade.Application - The following profiles are active: dev
[INFO ] 2019-03-27 17:41:45 [main] o.s.b.w.e.tomcat.TomcatWebServer - Tomcat initialized with port(s): 10001 (http)
[INFO ] 2019-03-27 17:41:45 [main] o.a.coyote.http11.Http11NioProtocol - Initializing ProtocolHandler ["http-nio-10001"]
[INFO ] 2019-03-27 17:41:45 [main] o.a.catalina.core.StandardService - Starting service [Tomcat]
[INFO ] 2019-03-27 17:41:45 [main] o.a.catalina.core.StandardEngine - Starting Servlet engine: [Apache Tomcat/9.0.16]
[INFO ] 2019-03-27 17:41:45 [main] o.a.c.core.AprLifecycleListener - The APR based Apache Tomcat Native library which allows optimal performance in production environments was not found on the java.library.path: [D:\Program Files\Java\jdk1.8.0_101\bin;C:\WINDOWS\Sun\Java\bin;C:\WINDOWS\system32;C:\WINDOWS;C:\ProgramData\Oracle\Java\javapath;C:\WINDOWS\system32;C:\WINDOWS;C:\WINDOWS\System32\Wbem;C:\WINDOWS\System32\WindowsPowerShell\v1.0\;D:\Program Files\Java\jdk1.8.0_101\bin;D:\MySQL\MySQL Server 5.5\bin;C:\WINDOWS\System32\OpenSSH\;D:\Git\cmd;C:\Users\女神\AppData\Local\Microsoft\WindowsApps;D:\apache-maven-3.5.2\bin\;;.]
[INFO ] 2019-03-27 17:41:45 [main] o.a.c.c.C.[Tomcat].[localhost].[/] - Initializing Spring embedded WebApplicationContext
[INFO ] 2019-03-27 17:41:45 [main] o.s.web.context.ContextLoader - Root WebApplicationContext: initialization completed in 3316 ms
[INFO ] 2019-03-27 17:41:45 [main] o.a.coyote.http11.Http11NioProtocol - Starting ProtocolHandler ["http-nio-10001"]
[INFO ] 2019-03-27 17:41:45 [main] o.s.b.w.e.tomcat.TomcatWebServer - Tomcat started on port(s): 10001 (http) with context path ''
[INFO ] 2019-03-27 17:41:45 [main] c.j.secondhandhousetrade.Application - Started Application in 6.974 seconds (JVM running for 9.634)
[INFO ] 2019-03-27 17:41:45 [http-nio-10001-exec-2] o.a.c.c.C.[Tomcat].[localhost].[/] - Initializing Spring DispatcherServlet 'dispatcherServlet'
[INFO ] 2019-03-27 17:41:45 [http-nio-10001-exec-2] o.s.web.servlet.DispatcherServlet - Initializing Servlet 'dispatcherServlet'
[INFO ] 2019-03-27 17:41:45 [http-nio-10001-exec-2] o.s.web.servlet.DispatcherServlet - Completed initialization in 16 ms
[INFO ] 2019-03-27 17:48:12 [main] c.j.secondhandhousetrade.Application - Starting Application on DESKTOP-7MLKDE8 with PID 256 (D:\workspace\secondhand-house-trade\target\classes started by goddness in D:\workspace\secondhand-house-trade)
[INFO ] 2019-03-27 17:48:12 [main] c.j.secondhandhousetrade.Application - The following profiles are active: dev
[INFO ] 2019-03-27 17:48:12 [main] o.s.b.w.e.tomcat.TomcatWebServer - Tomcat initialized with port(s): 10001 (http)
[INFO ] 2019-03-27 17:48:12 [main] o.a.coyote.http11.Http11NioProtocol - Initializing ProtocolHandler ["http-nio-10001"]
[INFO ] 2019-03-27 17:48:12 [main] o.a.catalina.core.StandardService - Starting service [Tomcat]
[INFO ] 2019-03-27 17:48:12 [main] o.a.catalina.core.StandardEngine - Starting Servlet engine: [Apache Tomcat/9.0.16]
[INFO ] 2019-03-27 17:48:12 [main] o.a.c.core.AprLifecycleListener - The APR based Apache Tomcat Native library which allows optimal performance in production environments was not found on the java.library.path: [D:\Program Files\Java\jdk1.8.0_101\bin;C:\WINDOWS\Sun\Java\bin;C:\WINDOWS\system32;C:\WINDOWS;C:\ProgramData\Oracle\Java\javapath;C:\WINDOWS\system32;C:\WINDOWS;C:\WINDOWS\System32\Wbem;C:\WINDOWS\System32\WindowsPowerShell\v1.0\;D:\Program Files\Java\jdk1.8.0_101\bin;D:\MySQL\MySQL Server 5.5\bin;C:\WINDOWS\System32\OpenSSH\;D:\Git\cmd;C:\Users\女神\AppData\Local\Microsoft\WindowsApps;D:\apache-maven-3.5.2\bin\;;.]
[INFO ] 2019-03-27 17:48:12 [main] o.a.c.c.C.[Tomcat].[localhost].[/] - Initializing Spring embedded WebApplicationContext
[INFO ] 2019-03-27 17:48:12 [main] o.s.web.context.ContextLoader - Root WebApplicationContext: initialization completed in 2693 ms
[INFO ] 2019-03-27 17:48:12 [main] o.a.coyote.http11.Http11NioProtocol - Starting ProtocolHandler ["http-nio-10001"]
[INFO ] 2019-03-27 17:48:12 [main] o.s.b.w.e.tomcat.TomcatWebServer - Tomcat started on port(s): 10001 (http) with context path ''
[INFO ] 2019-03-27 17:48:12 [main] c.j.secondhandhousetrade.Application - Started Application in 6.316 seconds (JVM running for 8.536)
[INFO ] 2019-03-27 17:48:27 [main] c.j.secondhandhousetrade.Application - Starting Application on DESKTOP-7MLKDE8 with PID 9100 (D:\workspace\secondhand-house-trade\target\classes started by goddness in D:\workspace\secondhand-house-trade)
[INFO ] 2019-03-27 17:48:27 [main] c.j.secondhandhousetrade.Application - The following profiles are active: dev
[INFO ] 2019-03-27 17:48:27 [main] o.s.b.w.e.tomcat.TomcatWebServer - Tomcat initialized with port(s): 10001 (http)
[INFO ] 2019-03-27 17:48:27 [main] o.a.coyote.http11.Http11NioProtocol - Initializing ProtocolHandler ["http-nio-10001"]
[INFO ] 2019-03-27 17:48:27 [main] o.a.catalina.core.StandardService - Starting service [Tomcat]
[INFO ] 2019-03-27 17:48:27 [main] o.a.catalina.core.StandardEngine - Starting Servlet engine: [Apache Tomcat/9.0.16]
[INFO ] 2019-03-27 17:48:27 [main] o.a.c.core.AprLifecycleListener - The APR based Apache Tomcat Native library which allows optimal performance in production environments was not found on the java.library.path: [D:\Program Files\Java\jdk1.8.0_101\bin;C:\WINDOWS\Sun\Java\bin;C:\WINDOWS\system32;C:\WINDOWS;C:\ProgramData\Oracle\Java\javapath;C:\WINDOWS\system32;C:\WINDOWS;C:\WINDOWS\System32\Wbem;C:\WINDOWS\System32\WindowsPowerShell\v1.0\;D:\Program Files\Java\jdk1.8.0_101\bin;D:\MySQL\MySQL Server 5.5\bin;C:\WINDOWS\System32\OpenSSH\;D:\Git\cmd;C:\Users\女神\AppData\Local\Microsoft\WindowsApps;D:\apache-maven-3.5.2\bin\;;.]
[INFO ] 2019-03-27 17:48:27 [main] o.a.c.c.C.[Tomcat].[localhost].[/] - Initializing Spring embedded WebApplicationContext
[INFO ] 2019-03-27 17:48:27 [main] o.s.web.context.ContextLoader - Root WebApplicationContext: initialization completed in 2989 ms
[INFO ] 2019-03-27 17:48:27 [main] o.a.coyote.http11.Http11NioProtocol - Starting ProtocolHandler ["http-nio-10001"]
[INFO ] 2019-03-27 17:48:27 [main] o.s.b.w.e.tomcat.TomcatWebServer - Tomcat started on port(s): 10001 (http) with context path ''
[INFO ] 2019-03-27 17:48:27 [main] c.j.secondhandhousetrade.Application - Started Application in 6.979 seconds (JVM running for 8.85)
[INFO ] 2019-03-27 17:48:27 [http-nio-10001-exec-1] o.a.c.c.C.[Tomcat].[localhost].[/] - Initializing Spring DispatcherServlet 'dispatcherServlet'
[INFO ] 2019-03-27 17:48:27 [http-nio-10001-exec-1] o.s.web.servlet.DispatcherServlet - Initializing Servlet 'dispatcherServlet'
[INFO ] 2019-03-27 17:48:27 [http-nio-10001-exec-1] o.s.web.servlet.DispatcherServlet - Completed initialization in 19 ms
